0 info it worked if it ends with ok
1 verbose cli [ '/Users/rolstenhouse/.nvm/v0.10.32/bin/node',
1 verbose cli   '/Users/rolstenhouse/.nvm/v0.10.32/bin/npm',
1 verbose cli   'install',
1 verbose cli   '-g',
1 verbose cli   'ignite-clu' ]
2 info using npm@1.4.28
3 info using node@v0.10.32
4 verbose cache add [ 'ignite-clu', null ]
5 verbose cache add name=undefined spec="ignite-clu" args=["ignite-clu",null]
6 verbose parsed url { protocol: null,
6 verbose parsed url   slashes: null,
6 verbose parsed url   auth: null,
6 verbose parsed url   host: null,
6 verbose parsed url   port: null,
6 verbose parsed url   hostname: null,
6 verbose parsed url   hash: null,
6 verbose parsed url   search: null,
6 verbose parsed url   query: null,
6 verbose parsed url   pathname: 'ignite-clu',
6 verbose parsed url   path: 'ignite-clu',
6 verbose parsed url   href: 'ignite-clu' }
7 silly lockFile eaa0e660-ignite-clu ignite-clu
8 verbose lock ignite-clu /Users/rolstenhouse/.npm/eaa0e660-ignite-clu.lock
9 silly lockFile eaa0e660-ignite-clu ignite-clu
10 silly lockFile eaa0e660-ignite-clu ignite-clu
11 verbose addNamed [ 'ignite-clu', '' ]
12 verbose addNamed [ null, '*' ]
13 silly lockFile f0942c16-ignite-clu ignite-clu@
14 verbose lock ignite-clu@ /Users/rolstenhouse/.npm/f0942c16-ignite-clu.lock
15 silly addNameRange { name: 'ignite-clu', range: '*', hasData: false }
16 verbose request where is /ignite-clu
17 verbose request registry https://registry.npmjs.org/
18 verbose request id 20cb67122be4fcb9
19 verbose url raw /ignite-clu
20 verbose url resolving [ 'https://registry.npmjs.org/', './ignite-clu' ]
21 verbose url resolved https://registry.npmjs.org/ignite-clu
22 verbose request where is https://registry.npmjs.org/ignite-clu
23 info trying registry request attempt 1 at 00:19:00
24 http GET https://registry.npmjs.org/ignite-clu
25 http 404 https://registry.npmjs.org/ignite-clu
26 silly registry.get cb [ 404,
26 silly registry.get   { 'content-type': 'application/json',
26 silly registry.get     'cache-control': 'max-age=0',
26 silly registry.get     'content-length': '2',
26 silly registry.get     'accept-ranges': 'bytes',
26 silly registry.get     date: 'Tue, 10 Oct 2017 07:19:00 GMT',
26 silly registry.get     via: '1.1 varnish',
26 silly registry.get     age: '0',
26 silly registry.get     connection: 'keep-alive',
26 silly registry.get     'x-served-by': 'cache-sjc3622-SJC',
26 silly registry.get     'x-cache': 'MISS',
26 silly registry.get     'x-cache-hits': '0',
26 silly registry.get     'x-timer': 'S1507619940.276608,VS0,VE181',
26 silly registry.get     vary: 'Accept-Encoding' } ]
27 silly lockFile f0942c16-ignite-clu ignite-clu@
28 silly lockFile f0942c16-ignite-clu ignite-clu@
29 error 404 Not Found
29 error 404
29 error 404 'ignite-clu' is not in the npm registry.
29 error 404 You should bug the author to publish it
29 error 404
29 error 404 Note that you can also install from a
29 error 404 tarball, folder, or http url, or git url.
30 error System Darwin 16.7.0
31 error command "/Users/rolstenhouse/.nvm/v0.10.32/bin/node" "/Users/rolstenhouse/.nvm/v0.10.32/bin/npm" "install" "-g" "ignite-clu"
32 error cwd /Users/rolstenhouse/Desktop/programming/personal/portfolio
33 error node -v v0.10.32
34 error npm -v 1.4.28
35 error code E404
36 verbose exit [ 1, true ]
